<?xml version="1.0" encoding="UTF-8"?>
<testng-results ignored="0" total="1" passed="1" failed="0" skipped="0">
  <reporter-output>
  </reporter-output>
  <suite started-at="2025-04-11T10:26:20 IST" name="Default suite" finished-at="2025-04-11T10:30:51 IST" duration-ms="270597">
    <groups>
    </groups>
    <test started-at="2025-04-11T10:26:20 IST" name="Default test" finished-at="2025-04-11T10:30:51 IST" duration-ms="270597">
      <class name="testSatr.starFlow">
        <test-method is-config="true" signature="beforeMethod()[pri:0, instance:testSatr.starFlow@66ea810]" started-at="2025-04-11T10:26:20 IST" name="beforeMethod" finished-at="2025-04-11T10:26:42 IST" duration-ms="21917" status="PASS">
          <reporter-output>
          </reporter-output>
        </test-method> <!-- beforeMethod -->
        <test-method signature="makePolicy()[pri:0, instance:testSatr.starFlow@66ea810]" started-at="2025-04-11T10:26:42 IST" name="makePolicy" finished-at="2025-04-11T10:30:50 IST" duration-ms="247374" status="PASS">
          <reporter-output>
          </reporter-output>
        </test-method> <!-- makePolicy -->
        <test-method is-config="true" signature="afterMethod()[pri:0, instance:testSatr.starFlow@66ea810]" started-at="2025-04-11T10:30:50 IST" name="afterMethod" finished-at="2025-04-11T10:30:51 IST" duration-ms="951" status="PASS">
          <reporter-output>
          </reporter-output>
        </test-method> <!-- afterMethod -->
      </class> <!-- testSatr.starFlow -->
    </test> <!-- Default test -->
  </suite> <!-- Default suite -->
</testng-results>
